<?xml version="1.0" encoding="UTF-8"?>
<!-- Generated by org.testng.reporters.JUnitReportReporter -->
<testsuite hostname="Barinders-Air" failures="0" tests="1" name="testRunner.CucumberTestRunnerWithTags" time="0.112" errors="0" timestamp="2025-02-26T22:36:51 AST" skipped="0">
  <testcase classname="testRunner.CucumberTestRunnerWithTags" name="runScenario" time="0.112"/>
</testsuite> <!-- testRunner.CucumberTestRunnerWithTags -->
