<?xml version="1.0" encoding="UTF-8"?>
<!-- Generated by org.testng.reporters.JUnitReportReporter -->
<testsuite hostname="Barinders-Air" failures="0" tests="1" name="testRunner.CucumberTestRunnerWithTags" time="0.124" errors="0" timestamp="2025-04-20T11:01:16 ADT" skipped="0">
  <testcase classname="testRunner.CucumberTestRunnerWithTags" name="runScenario" time="0.124"/>
</testsuite> <!-- testRunner.CucumberTestRunnerWithTags -->
